C:\Program Files\Microsoft Visual Studio\2022\Community\MSBuild\Microsoft\VC\v170\Microsoft.CppBuild.targets(531,5): warning MSB8028: The intermediate directory (.\Debug\) contains files shared from another project (Sample.vcxproj).  This can lead to incorrect clean and rebuild behavior.
  OpenGLSolarSystem.cpp
C:\Users\matda\Desktop\School2\Graphics\OpenGLSolarSystem\OpenGLSolarSystem.cpp(316,13): warning C4244: 'initializing': conversion from 'double' to 'float', possible loss of data
C:\Users\matda\Desktop\School2\Graphics\OpenGLSolarSystem\OpenGLSolarSystem.cpp(323,14): warning C4244: 'initializing': conversion from 'double' to 'float', possible loss of data
C:\Users\matda\Desktop\School2\Graphics\OpenGLSolarSystem\OpenGLSolarSystem.cpp(333,24): warning C4244: '=': conversion from 'double' to 'float', possible loss of data
C:\Users\matda\Desktop\School2\Graphics\OpenGLSolarSystem\OpenGLSolarSystem.cpp(334,29): warning C4244: '=': conversion from 'double' to 'float', possible loss of data
C:\Users\matda\Desktop\School2\Graphics\OpenGLSolarSystem\OpenGLSolarSystem.cpp(353,13): warning C4244: 'initializing': conversion from 'double' to 'float', possible loss of data
C:\Users\matda\Desktop\School2\Graphics\OpenGLSolarSystem\OpenGLSolarSystem.cpp(354,24): warning C4244: '=': conversion from 'double' to 'float', possible loss of data
C:\Users\matda\Desktop\School2\Graphics\OpenGLSolarSystem\OpenGLSolarSystem.cpp(366,13): warning C4244: 'initializing': conversion from 'double' to 'float', possible loss of data
C:\Users\matda\Desktop\School2\Graphics\OpenGLSolarSystem\OpenGLSolarSystem.cpp(367,24): warning C4244: '=': conversion from 'double' to 'float', possible loss of data
C:\Users\matda\Desktop\School2\Graphics\OpenGLSolarSystem\OpenGLSolarSystem.cpp(628,24): warning C4244: 'argument': conversion from 'double' to 'GLfloat', possible loss of data
C:\Users\matda\Desktop\School2\Graphics\OpenGLSolarSystem\OpenGLSolarSystem.cpp(633,24): warning C4244: 'argument': conversion from 'double' to 'GLfloat', possible loss of data
C:\Users\matda\Desktop\School2\Graphics\OpenGLSolarSystem\OpenGLSolarSystem.cpp(646,24): warning C4244: 'argument': conversion from 'double' to 'GLfloat', possible loss of data
C:\Users\matda\Desktop\School2\Graphics\OpenGLSolarSystem\OpenGLSolarSystem.cpp(647,19): warning C4305: 'argument': truncation from 'double' to 'GLfloat'
C:\Users\matda\Desktop\School2\Graphics\OpenGLSolarSystem\OpenGLSolarSystem.cpp(651,24): warning C4244: 'argument': conversion from 'double' to 'GLfloat', possible loss of data
C:\Users\matda\Desktop\School2\Graphics\OpenGLSolarSystem\OpenGLSolarSystem.cpp(658,25): warning C4244: 'argument': conversion from 'double' to 'GLfloat', possible loss of data
C:\Users\matda\Desktop\School2\Graphics\OpenGLSolarSystem\OpenGLSolarSystem.cpp(659,19): warning C4305: 'argument': truncation from 'double' to 'GLfloat'
C:\Users\matda\Desktop\School2\Graphics\OpenGLSolarSystem\OpenGLSolarSystem.cpp(663,24): warning C4244: 'argument': conversion from 'double' to 'GLfloat', possible loss of data
C:\Users\matda\Desktop\School2\Graphics\OpenGLSolarSystem\OpenGLSolarSystem.cpp(670,24): warning C4244: 'argument': conversion from 'double' to 'GLfloat', possible loss of data
C:\Users\matda\Desktop\School2\Graphics\OpenGLSolarSystem\OpenGLSolarSystem.cpp(671,19): warning C4305: 'argument': truncation from 'double' to 'GLfloat'
C:\Users\matda\Desktop\School2\Graphics\OpenGLSolarSystem\OpenGLSolarSystem.cpp(675,24): warning C4244: 'argument': conversion from 'double' to 'GLfloat', possible loss of data
C:\Users\matda\Desktop\School2\Graphics\OpenGLSolarSystem\OpenGLSolarSystem.cpp(682,24): warning C4244: 'argument': conversion from 'double' to 'GLfloat', possible loss of data
C:\Users\matda\Desktop\School2\Graphics\OpenGLSolarSystem\OpenGLSolarSystem.cpp(687,24): warning C4244: 'argument': conversion from 'double' to 'GLfloat', possible loss of data
C:\Users\matda\Desktop\School2\Graphics\OpenGLSolarSystem\OpenGLSolarSystem.cpp(694,24): warning C4244: 'argument': conversion from 'double' to 'GLfloat', possible loss of data
C:\Users\matda\Desktop\School2\Graphics\OpenGLSolarSystem\OpenGLSolarSystem.cpp(695,19): warning C4305: 'argument': truncation from 'double' to 'GLfloat'
C:\Users\matda\Desktop\School2\Graphics\OpenGLSolarSystem\OpenGLSolarSystem.cpp(699,24): warning C4244: 'argument': conversion from 'double' to 'GLfloat', possible loss of data
C:\Users\matda\Desktop\School2\Graphics\OpenGLSolarSystem\OpenGLSolarSystem.cpp(706,24): warning C4244: 'argument': conversion from 'double' to 'GLfloat', possible loss of data
C:\Users\matda\Desktop\School2\Graphics\OpenGLSolarSystem\OpenGLSolarSystem.cpp(711,24): warning C4244: 'argument': conversion from 'double' to 'GLfloat', possible loss of data
C:\Users\matda\Desktop\School2\Graphics\OpenGLSolarSystem\OpenGLSolarSystem.cpp(718,24): warning C4244: 'argument': conversion from 'double' to 'GLfloat', possible loss of data
C:\Users\matda\Desktop\School2\Graphics\OpenGLSolarSystem\OpenGLSolarSystem.cpp(723,24): warning C4244: 'argument': conversion from 'double' to 'GLfloat', possible loss of data
C:\Users\matda\Desktop\School2\Graphics\OpenGLSolarSystem\OpenGLSolarSystem.cpp(1242,14): warning C4305: 'initializing': truncation from 'double' to 'float'
C:\Users\matda\Desktop\School2\Graphics\OpenGLSolarSystem\OpenGLSolarSystem.cpp(1248,33): warning C4244: 'argument': conversion from 'double' to 'GLfloat', possible loss of data
C:\Users\matda\Desktop\School2\Graphics\OpenGLSolarSystem\OpenGLSolarSystem.cpp(1248,18): warning C4244: 'argument': conversion from 'double' to 'GLfloat', possible loss of data
C:\Users\matda\Desktop\School2\Graphics\OpenGLSolarSystem\OpenGLSolarSystem.cpp(1256,35): warning C4244: 'argument': conversion from 'double' to 'GLfloat', possible loss of data
C:\Users\matda\Desktop\School2\Graphics\OpenGLSolarSystem\OpenGLSolarSystem.cpp(1256,19): warning C4244: 'argument': conversion from 'double' to 'GLfloat', possible loss of data
C:\Users\matda\Desktop\School2\Graphics\OpenGLSolarSystem\OpenGLSolarSystem.cpp(1264,35): warning C4244: 'argument': conversion from 'double' to 'GLfloat', possible loss of data
C:\Users\matda\Desktop\School2\Graphics\OpenGLSolarSystem\OpenGLSolarSystem.cpp(1264,19): warning C4244: 'argument': conversion from 'double' to 'GLfloat', possible loss of data
C:\Users\matda\Desktop\School2\Graphics\OpenGLSolarSystem\OpenGLSolarSystem.cpp(1272,37): warning C4244: 'argument': conversion from 'double' to 'GLfloat', possible loss of data
C:\Users\matda\Desktop\School2\Graphics\OpenGLSolarSystem\OpenGLSolarSystem.cpp(1272,20): warning C4244: 'argument': conversion from 'double' to 'GLfloat', possible loss of data
C:\Users\matda\Desktop\School2\Graphics\OpenGLSolarSystem\OpenGLSolarSystem.cpp(1280,35): warning C4244: 'argument': conversion from 'double' to 'GLfloat', possible loss of data
C:\Users\matda\Desktop\School2\Graphics\OpenGLSolarSystem\OpenGLSolarSystem.cpp(1280,19): warning C4244: 'argument': conversion from 'double' to 'GLfloat', possible loss of data
C:\Users\matda\Desktop\School2\Graphics\OpenGLSolarSystem\OpenGLSolarSystem.cpp(1288,37): warning C4244: 'argument': conversion from 'double' to 'GLfloat', possible loss of data
C:\Users\matda\Desktop\School2\Graphics\OpenGLSolarSystem\OpenGLSolarSystem.cpp(1288,20): warning C4244: 'argument': conversion from 'double' to 'GLfloat', possible loss of data
C:\Users\matda\Desktop\School2\Graphics\OpenGLSolarSystem\OpenGLSolarSystem.cpp(1296,37): warning C4244: 'argument': conversion from 'double' to 'GLfloat', possible loss of data
C:\Users\matda\Desktop\School2\Graphics\OpenGLSolarSystem\OpenGLSolarSystem.cpp(1296,20): warning C4244: 'argument': conversion from 'double' to 'GLfloat', possible loss of data
C:\Users\matda\Desktop\School2\Graphics\OpenGLSolarSystem\OpenGLSolarSystem.cpp(1304,37): warning C4244: 'argument': conversion from 'double' to 'GLfloat', possible loss of data
C:\Users\matda\Desktop\School2\Graphics\OpenGLSolarSystem\OpenGLSolarSystem.cpp(1304,20): warning C4244: 'argument': conversion from 'double' to 'GLfloat', possible loss of data
C:\Users\matda\Desktop\School2\Graphics\OpenGLSolarSystem\OpenGLSolarSystem.cpp(1312,25): warning C4305: 'argument': truncation from 'double' to 'GLfloat'
C:\Users\matda\Desktop\School2\Graphics\OpenGLSolarSystem\OpenGLSolarSystem.cpp(1312,19): warning C4305: 'argument': truncation from 'double' to 'GLfloat'
C:\Users\matda\Desktop\School2\Graphics\OpenGLSolarSystem\OpenGLSolarSystem.cpp(1312,13): warning C4305: 'argument': truncation from 'double' to 'GLfloat'
C:\Users\matda\Desktop\School2\Graphics\OpenGLSolarSystem\OpenGLSolarSystem.cpp(1313,13): warning C4305: 'argument': truncation from 'double' to 'float'
C:\Users\matda\Desktop\School2\Graphics\OpenGLSolarSystem\OpenGLSolarSystem.cpp(1319,25): warning C4305: 'argument': truncation from 'double' to 'GLfloat'
C:\Users\matda\Desktop\School2\Graphics\OpenGLSolarSystem\OpenGLSolarSystem.cpp(1319,19): warning C4305: 'argument': truncation from 'double' to 'GLfloat'
C:\Users\matda\Desktop\School2\Graphics\OpenGLSolarSystem\OpenGLSolarSystem.cpp(1319,13): warning C4305: 'argument': truncation from 'double' to 'GLfloat'
C:\Users\matda\Desktop\School2\Graphics\OpenGLSolarSystem\OpenGLSolarSystem.cpp(1325,25): warning C4305: 'argument': truncation from 'double' to 'GLfloat'
C:\Users\matda\Desktop\School2\Graphics\OpenGLSolarSystem\OpenGLSolarSystem.cpp(1325,19): warning C4305: 'argument': truncation from 'double' to 'GLfloat'
C:\Users\matda\Desktop\School2\Graphics\OpenGLSolarSystem\OpenGLSolarSystem.cpp(1325,13): warning C4305: 'argument': truncation from 'double' to 'GLfloat'
C:\Users\matda\Desktop\School2\Graphics\OpenGLSolarSystem\OpenGLSolarSystem.cpp(1326,13): warning C4305: 'argument': truncation from 'double' to 'float'
C:\Users\matda\Desktop\School2\Graphics\OpenGLSolarSystem\OpenGLSolarSystem.cpp(1327,21): warning C4305: 'argument': truncation from 'double' to 'GLfloat'
C:\Users\matda\Desktop\School2\Graphics\OpenGLSolarSystem\OpenGLSolarSystem.cpp(1332,25): warning C4305: 'argument': truncation from 'double' to 'GLfloat'
C:\Users\matda\Desktop\School2\Graphics\OpenGLSolarSystem\OpenGLSolarSystem.cpp(1332,19): warning C4305: 'argument': truncation from 'double' to 'GLfloat'
C:\Users\matda\Desktop\School2\Graphics\OpenGLSolarSystem\OpenGLSolarSystem.cpp(1332,13): warning C4305: 'argument': truncation from 'double' to 'GLfloat'
C:\Users\matda\Desktop\School2\Graphics\OpenGLSolarSystem\OpenGLSolarSystem.cpp(1333,13): warning C4305: 'argument': truncation from 'double' to 'float'
C:\Users\matda\Desktop\School2\Graphics\OpenGLSolarSystem\OpenGLSolarSystem.cpp(1334,21): warning C4305: 'argument': truncation from 'double' to 'GLfloat'
C:\Users\matda\Desktop\School2\Graphics\OpenGLSolarSystem\OpenGLSolarSystem.cpp(1339,25): warning C4305: 'argument': truncation from 'double' to 'GLfloat'
C:\Users\matda\Desktop\School2\Graphics\OpenGLSolarSystem\OpenGLSolarSystem.cpp(1339,19): warning C4305: 'argument': truncation from 'double' to 'GLfloat'
C:\Users\matda\Desktop\School2\Graphics\OpenGLSolarSystem\OpenGLSolarSystem.cpp(1339,13): warning C4305: 'argument': truncation from 'double' to 'GLfloat'
C:\Users\matda\Desktop\School2\Graphics\OpenGLSolarSystem\OpenGLSolarSystem.cpp(1340,13): warning C4305: 'argument': truncation from 'double' to 'float'
C:\Users\matda\Desktop\School2\Graphics\OpenGLSolarSystem\OpenGLSolarSystem.cpp(1341,21): warning C4305: 'argument': truncation from 'double' to 'GLfloat'
C:\Users\matda\Desktop\School2\Graphics\OpenGLSolarSystem\OpenGLSolarSystem.cpp(1346,25): warning C4305: 'argument': truncation from 'double' to 'GLfloat'
C:\Users\matda\Desktop\School2\Graphics\OpenGLSolarSystem\OpenGLSolarSystem.cpp(1346,19): warning C4305: 'argument': truncation from 'double' to 'GLfloat'
C:\Users\matda\Desktop\School2\Graphics\OpenGLSolarSystem\OpenGLSolarSystem.cpp(1346,13): warning C4305: 'argument': truncation from 'double' to 'GLfloat'
C:\Users\matda\Desktop\School2\Graphics\OpenGLSolarSystem\OpenGLSolarSystem.cpp(1347,13): warning C4305: 'argument': truncation from 'double' to 'float'
C:\Users\matda\Desktop\School2\Graphics\OpenGLSolarSystem\OpenGLSolarSystem.cpp(1353,25): warning C4305: 'argument': truncation from 'double' to 'GLfloat'
C:\Users\matda\Desktop\School2\Graphics\OpenGLSolarSystem\OpenGLSolarSystem.cpp(1353,19): warning C4305: 'argument': truncation from 'double' to 'GLfloat'
C:\Users\matda\Desktop\School2\Graphics\OpenGLSolarSystem\OpenGLSolarSystem.cpp(1353,13): warning C4305: 'argument': truncation from 'double' to 'GLfloat'
C:\Users\matda\Desktop\School2\Graphics\OpenGLSolarSystem\OpenGLSolarSystem.cpp(1354,13): warning C4305: 'argument': truncation from 'double' to 'float'
C:\Users\matda\Desktop\School2\Graphics\OpenGLSolarSystem\OpenGLSolarSystem.cpp(1355,21): warning C4305: 'argument': truncation from 'double' to 'GLfloat'
C:\Users\matda\Desktop\School2\Graphics\OpenGLSolarSystem\OpenGLSolarSystem.cpp(1360,25): warning C4305: 'argument': truncation from 'double' to 'GLfloat'
C:\Users\matda\Desktop\School2\Graphics\OpenGLSolarSystem\OpenGLSolarSystem.cpp(1360,19): warning C4305: 'argument': truncation from 'double' to 'GLfloat'
C:\Users\matda\Desktop\School2\Graphics\OpenGLSolarSystem\OpenGLSolarSystem.cpp(1360,13): warning C4305: 'argument': truncation from 'double' to 'GLfloat'
C:\Users\matda\Desktop\School2\Graphics\OpenGLSolarSystem\OpenGLSolarSystem.cpp(1367,25): warning C4305: 'argument': truncation from 'double' to 'GLfloat'
C:\Users\matda\Desktop\School2\Graphics\OpenGLSolarSystem\OpenGLSolarSystem.cpp(1367,19): warning C4305: 'argument': truncation from 'double' to 'GLfloat'
C:\Users\matda\Desktop\School2\Graphics\OpenGLSolarSystem\OpenGLSolarSystem.cpp(1367,13): warning C4305: 'argument': truncation from 'double' to 'GLfloat'
C:\Users\matda\Desktop\School2\Graphics\OpenGLSolarSystem\OpenGLSolarSystem.cpp(1368,13): warning C4305: 'argument': truncation from 'double' to 'float'
C:\Users\matda\Desktop\School2\Graphics\OpenGLSolarSystem\OpenGLSolarSystem.cpp(1374,25): warning C4305: 'argument': truncation from 'double' to 'GLfloat'
C:\Users\matda\Desktop\School2\Graphics\OpenGLSolarSystem\OpenGLSolarSystem.cpp(1374,19): warning C4305: 'argument': truncation from 'double' to 'GLfloat'
C:\Users\matda\Desktop\School2\Graphics\OpenGLSolarSystem\OpenGLSolarSystem.cpp(1374,13): warning C4305: 'argument': truncation from 'double' to 'GLfloat'
OpenGLSolarSystem.obj : warning LNK4075: ignoring '/EDITANDCONTINUE' due to '/INCREMENTAL:NO' specification
  OpenGLSolarSystem.vcxproj -> C:\Users\matda\Desktop\School2\Graphics\OpenGLSolarSystem\Debug\OpenGLSolarSystem.exe
